<?xml version="1.0" encoding="UTF-8"?>
<robot generator="Robot 3.1.1 (Python 3.7.1 on win32)" generated="20190407 00:14:23.489" rpa="false">
<suite id="s1" name="TestSuite1" source="C:\Users\Omistaja\eclipse-workspace\RobotProject1\test\TestSuite1.robot">
<kw name="Log" library="BuiltIn" type="setup">
<doc>Logs the given message with the given level.</doc>
<arguments>
<arg>I am inside Test Suite Setup</arg>
</arguments>
<msg timestamp="20190407 00:14:23.713" level="INFO">I am inside Test Suite Setup</msg>
<status status="PASS" starttime="20190407 00:14:23.713" endtime="20190407 00:14:23.713"></status>
</kw>
<test id="s1-t1" name="MySecontTest">
<kw name="Log" library="BuiltIn" type="setup">
<doc>Logs the given message with the given level.</doc>
<arguments>
<arg>I am inside Test Setup</arg>
</arguments>
<msg timestamp="20190407 00:14:23.720" level="INFO">I am inside Test Setup</msg>
<status status="PASS" starttime="20190407 00:14:23.718" endtime="20190407 00:14:23.720"></status>
</kw>
<kw name="Log" library="BuiltIn">
<doc>Logs the given message with the given level.</doc>
<arguments>
<arg>I am inside 2nd test</arg>
</arguments>
<msg timestamp="20190407 00:14:23.721" level="INFO">I am inside 2nd test</msg>
<status status="PASS" starttime="20190407 00:14:23.720" endtime="20190407 00:14:23.721"></status>
</kw>
<kw name="Set Tags" library="BuiltIn">
<doc>Adds given ``tags`` for the current test or all tests in a suite.</doc>
<arguments>
<arg>regression1</arg>
</arguments>
<msg timestamp="20190407 00:14:23.724" level="INFO">Set tag 'regression1'.</msg>
<status status="PASS" starttime="20190407 00:14:23.723" endtime="20190407 00:14:23.724"></status>
</kw>
<kw name="Remove Tags" library="BuiltIn">
<doc>Removes given ``tags`` from the current test or all tests in a suite.</doc>
<arguments>
<arg>regression1</arg>
</arguments>
<msg timestamp="20190407 00:14:23.726" level="INFO">Removed tag 'regression1'.</msg>
<status status="PASS" starttime="20190407 00:14:23.725" endtime="20190407 00:14:23.726"></status>
</kw>
<kw name="Log" library="BuiltIn" type="teardown">
<doc>Logs the given message with the given level.</doc>
<arguments>
<arg>I am inside Test Teardown</arg>
</arguments>
<msg timestamp="20190407 00:14:23.728" level="INFO">I am inside Test Teardown</msg>
<status status="PASS" starttime="20190407 00:14:23.727" endtime="20190407 00:14:23.728"></status>
</kw>
<tags>
<tag>I example</tag>
</tags>
<status status="PASS" starttime="20190407 00:14:23.713" endtime="20190407 00:14:23.729" critical="yes"></status>
</test>
<kw name="Log" library="BuiltIn" type="teardown">
<doc>Logs the given message with the given level.</doc>
<arguments>
<arg>I am inside TestSuite Teardown</arg>
</arguments>
<msg timestamp="20190407 00:14:23.732" level="INFO">I am inside TestSuite Teardown</msg>
<status status="PASS" starttime="20190407 00:14:23.732" endtime="20190407 00:14:23.732"></status>
</kw>
<status status="PASS" starttime="20190407 00:14:23.492" endtime="20190407 00:14:23.732"></status>
</suite>
<statistics>
<total>
<stat pass="1" fail="0">Critical Tests</stat>
<stat pass="1" fail="0">All Tests</stat>
</total>
<tag>
<stat pass="1" fail="0">I example</stat>
</tag>
<suite>
<stat pass="1" fail="0" id="s1" name="TestSuite1">TestSuite1</stat>
</suite>
</statistics>
<errors>
</errors>
</robot>
